<?xml version="1.0" encoding="UTF-8"?>
<testng-results ignored="0" total="4" passed="4" failed="0" skipped="0">
  <reporter-output>
  </reporter-output>
  <suite started-at="2026-05-15T10:10:31 IST" name="Default suite" finished-at="2026-05-15T10:11:30 IST" duration-ms="59857">
    <groups>
      <group name="cucumber">
        <method signature="AbstractTestNGCucumberTests.runScenario(io.cucumber.testng.PickleWrapper,io.cucumber.testng.FeatureWrapper)[pri:0, instance:com.runner.TestNgRunner@16c069df]" name="runScenario" class="io.cucumber.testng.AbstractTestNGCucumberTests"/>
      </group> <!-- cucumber -->
    </groups>
    <test started-at="2026-05-15T10:10:31 IST" name="Default test" finished-at="2026-05-15T10:11:30 IST" duration-ms="59857">
      <class name="com.runner.TestNgRunner">
        <test-method is-config="true" signature="setUpClass(org.testng.ITestContext)[pri:0, instance:com.runner.TestNgRunner@16c069df]" started-at="2026-05-15T10:10:31 IST" name="setUpClass" finished-at="2026-05-15T10:10:31 IST" duration-ms="827" status="PASS">
          <params>
            <param index="0">
              <value>
                <![CDATA[org.testng.TestRunner@4cef0747]]>
              </value>
            </param>
          </params>
          <reporter-output>
          </reporter-output>
        </test-method> <!-- setUpClass -->
        <test-method signature="runScenario(io.cucumber.testng.PickleWrapper,io.cucumber.testng.FeatureWrapper)[pri:0, instance:com.runner.TestNgRunner@16c069df]" started-at="2026-05-15T10:10:31 IST" name="runScenario" description="Runs Cucumber Scenarios" data-provider="scenarios" finished-at="2026-05-15T10:10:47 IST" duration-ms="15870" status="PASS">
          <params>
            <param index="0">
              <value>
                <![CDATA["To check the login Functionality with valid credentialss"]]>
              </value>
            </param>
            <param index="1">
              <value>
                <![CDATA["Rishwanth_Login_Feature_13_05_2026"]]>
              </value>
            </param>
          </params>
          <reporter-output>
          </reporter-output>
        </test-method> <!-- runScenario -->
        <test-method signature="runScenario(io.cucumber.testng.PickleWrapper,io.cucumber.testng.FeatureWrapper)[pri:0, instance:com.runner.TestNgRunner@16c069df]" started-at="2026-05-15T10:10:47 IST" name="runScenario" description="Runs Cucumber Scenarios" data-provider="scenarios" finished-at="2026-05-15T10:11:00 IST" duration-ms="12631" status="PASS">
          <params>
            <param index="0">
              <value>
                <![CDATA["To check the login Functionality with invalid credentialss"]]>
              </value>
            </param>
            <param index="1">
              <value>
                <![CDATA["Rishwanth_Login_Feature_13_05_2026"]]>
              </value>
            </param>
          </params>
          <reporter-output>
          </reporter-output>
        </test-method> <!-- runScenario -->
        <test-method signature="runScenario(io.cucumber.testng.PickleWrapper,io.cucumber.testng.FeatureWrapper)[pri:0, instance:com.runner.TestNgRunner@16c069df]" started-at="2026-05-15T10:11:00 IST" name="runScenario" description="Runs Cucumber Scenarios" data-provider="scenarios" finished-at="2026-05-15T10:11:12 IST" duration-ms="11963" status="PASS">
          <params>
            <param index="0">
              <value>
                <![CDATA["To check the login functionality by leaving empty on fields"]]>
              </value>
            </param>
            <param index="1">
              <value>
                <![CDATA["Rishwanth_Login_Feature_13_05_2026"]]>
              </value>
            </param>
          </params>
          <reporter-output>
          </reporter-output>
        </test-method> <!-- runScenario -->
        <test-method signature="runScenario(io.cucumber.testng.PickleWrapper,io.cucumber.testng.FeatureWrapper)[pri:0, instance:com.runner.TestNgRunner@16c069df]" started-at="2026-05-15T10:11:12 IST" name="runScenario" description="Runs Cucumber Scenarios" data-provider="scenarios" finished-at="2026-05-15T10:11:30 IST" duration-ms="18102" status="PASS">
          <params>
            <param index="0">
              <value>
                <![CDATA["To verify the Registration of new user with valid details"]]>
              </value>
            </param>
            <param index="1">
              <value>
                <![CDATA["Rishwanth_Login_Feature_13_05_2026"]]>
              </value>
            </param>
          </params>
          <reporter-output>
          </reporter-output>
        </test-method> <!-- runScenario -->
        <test-method is-config="true" signature="tearDownClass()[pri:0, instance:com.runner.TestNgRunner@16c069df]" started-at="2026-05-15T10:11:30 IST" name="tearDownClass" finished-at="2026-05-15T10:11:30 IST" duration-ms="393" status="PASS">
          <reporter-output>
          </reporter-output>
        </test-method> <!-- tearDownClass -->
      </class> <!-- com.runner.TestNgRunner -->
    </test> <!-- Default test -->
  </suite> <!-- Default suite -->
</testng-results>
