<?xml version="1.0" encoding="UTF-8"?>
<testng-results ignored="0" total="3" passed="3" failed="0" skipped="0">
  <reporter-output>
  </reporter-output>
  <suite started-at="2026-05-14T13:24:04 IST" name="Default suite" finished-at="2026-05-14T13:25:01 IST" duration-ms="57028">
    <groups>
      <group name="cucumber">
        <method signature="AbstractTestNGCucumberTests.runScenario(io.cucumber.testng.PickleWrapper,io.cucumber.testng.FeatureWrapper)[pri:0, instance:com.runner.TestNgRunner@16c069df]" name="runScenario" class="io.cucumber.testng.AbstractTestNGCucumberTests"/>
      </group> <!-- cucumber -->
    </groups>
    <test started-at="2026-05-14T13:24:04 IST" name="Default test" finished-at="2026-05-14T13:25:01 IST" duration-ms="57028">
      <class name="com.runner.TestNgRunner">
        <test-method is-config="true" signature="setUpClass(org.testng.ITestContext)[pri:0, instance:com.runner.TestNgRunner@16c069df]" started-at="2026-05-14T13:24:04 IST" name="setUpClass" finished-at="2026-05-14T13:24:05 IST" duration-ms="984" status="PASS">
          <params>
            <param index="0">
              <value>
                <![CDATA[org.testng.TestRunner@5599dc60]]>
              </value>
            </param>
          </params>
          <reporter-output>
          </reporter-output>
        </test-method> <!-- setUpClass -->
        <test-method signature="runScenario(io.cucumber.testng.PickleWrapper,io.cucumber.testng.FeatureWrapper)[pri:0, instance:com.runner.TestNgRunner@16c069df]" started-at="2026-05-14T13:24:05 IST" name="runScenario" description="Runs Cucumber Scenarios" data-provider="scenarios" finished-at="2026-05-14T13:24:27 IST" duration-ms="22612" status="PASS">
          <params>
            <param index="0">
              <value>
                <![CDATA["To check the login Functionality with valid credentialss"]]>
              </value>
            </param>
            <param index="1">
              <value>
                <![CDATA["Rishwanth_Login_Feature_13_05_2026"]]>
              </value>
            </param>
          </params>
          <reporter-output>
          </reporter-output>
        </test-method> <!-- runScenario -->
        <test-method signature="runScenario(io.cucumber.testng.PickleWrapper,io.cucumber.testng.FeatureWrapper)[pri:0, instance:com.runner.TestNgRunner@16c069df]" started-at="2026-05-14T13:24:27 IST" name="runScenario" description="Runs Cucumber Scenarios" data-provider="scenarios" finished-at="2026-05-14T13:24:46 IST" duration-ms="18600" status="PASS">
          <params>
            <param index="0">
              <value>
                <![CDATA["To check the login Functionality with invalid credentialss"]]>
              </value>
            </param>
            <param index="1">
              <value>
                <![CDATA["Rishwanth_Login_Feature_13_05_2026"]]>
              </value>
            </param>
          </params>
          <reporter-output>
          </reporter-output>
        </test-method> <!-- runScenario -->
        <test-method signature="runScenario(io.cucumber.testng.PickleWrapper,io.cucumber.testng.FeatureWrapper)[pri:0, instance:com.runner.TestNgRunner@16c069df]" started-at="2026-05-14T13:24:46 IST" name="runScenario" description="Runs Cucumber Scenarios" data-provider="scenarios" finished-at="2026-05-14T13:25:00 IST" duration-ms="14418" status="PASS">
          <params>
            <param index="0">
              <value>
                <![CDATA["To check the login functionality by leaving empty on fields"]]>
              </value>
            </param>
            <param index="1">
              <value>
                <![CDATA["Rishwanth_Login_Feature_13_05_2026"]]>
              </value>
            </param>
          </params>
          <reporter-output>
          </reporter-output>
        </test-method> <!-- runScenario -->
        <test-method is-config="true" signature="tearDownClass()[pri:0, instance:com.runner.TestNgRunner@16c069df]" started-at="2026-05-14T13:25:00 IST" name="tearDownClass" finished-at="2026-05-14T13:25:01 IST" duration-ms="352" status="PASS">
          <reporter-output>
          </reporter-output>
        </test-method> <!-- tearDownClass -->
      </class> <!-- com.runner.TestNgRunner -->
    </test> <!-- Default test -->
  </suite> <!-- Default suite -->
</testng-results>
