<?xml version="1.0" encoding="UTF-8"?>
<!-- Generated by org.testng.reporters.JUnitReportReporter -->
<testsuite hostname="LAPTOP-E70RRGE0" failures="1" tests="1" name="com.runner.Failed_TestNgRunner" time="19.075" errors="0" timestamp="2026-05-19T18:57:53 IST" skipped="0">
  <testcase classname="com.runner.Failed_TestNgRunner" name="runScenario" time="19.075">
    <failure message="expected [Ale] but found [Apple]" type="java.lang.AssertionError">
      <![CDATA[java.lang.AssertionError: expected [Ale] but found [Apple]
at org.testng.Assert.fail(Assert.java:111)
at org.testng.Assert.failNotEquals(Assert.java:1590)
at org.testng.Assert.assertEqualsImpl(Assert.java:150)
at org.testng.Assert.assertEquals(Assert.java:132)
at org.testng.Assert.assertEquals(Assert.java:656)
at org.testng.Assert.assertEquals(Assert.java:666)
at com.stepDefinitions.filterDefinition.product_brand_name_in_description_should_match_the_selected_filter(filterDefinition.java:81)
at ✽.Product brand name in description should match the selected filter(file:///E:/Automation-Project-main/com.ecom/src/test/resources/features/Filter.feature:14)
]]>
    </failure>
  </testcase> <!-- runScenario -->
</testsuite> <!-- com.runner.Failed_TestNgRunner -->
