<?xml version="1.0" encoding="UTF-8"?>
<!-- Generated by org.testng.reporters.JUnitReportReporter -->
<testsuite hostname="KMPR" failures="0" tests="5" name="com.runner.TestNgRunner" time="112.633" errors="0" timestamp="2026-05-15T13:17:21 IST" skipped="0">
  <testcase classname="com.runner.TestNgRunner" name="runScenario" time="20.933"/>
  <testcase classname="com.runner.TestNgRunner" name="runScenario" time="22.978"/>
  <testcase classname="com.runner.TestNgRunner" name="runScenario" time="25.928"/>
  <testcase classname="com.runner.TestNgRunner" name="runScenario" time="23.321"/>
  <testcase classname="com.runner.TestNgRunner" name="runScenario" time="19.473"/>
</testsuite> <!-- com.runner.TestNgRunner -->
